TN:
SF:C:/Users/berge/log2990/client/src/polyfills.ts
FNF:0
FNH:0
DA:22,1
DA:23,1
DA:24,1
DA:25,1
DA:26,1
DA:27,1
DA:28,1
DA:29,1
DA:30,1
DA:31,1
DA:32,1
DA:33,1
DA:34,1
DA:35,1
DA:41,1
DA:42,1
DA:53,1
LF:17
LH:17
BRF:0
BRH:0
end_of_record
TN:
SF:C:/Users/berge/log2990/client/src/test.ts
FN:22,(anonymous_0)
FNF:1
FNH:1
FNDA:1,(anonymous_0)
DA:5,1
DA:6,1
DA:7,1
DA:8,1
DA:9,1
DA:10,1
DA:11,1
DA:12,1
DA:22,1
DA:25,1
DA:30,1
DA:32,1
DA:34,1
LF:13
LH:13
BRF:0
BRH:0
end_of_record
TN:
SF:C:/Users/berge/log2990/client/src/app/app-routing.module.ts
FN:21,(anonymous_1)
FNF:1
FNH:1
FNDA:1,(anonymous_1)
DA:1,1
DA:2,1
DA:3,1
DA:4,1
DA:5,1
DA:6,1
DA:8,1
DA:21,1
LF:8
LH:8
BRF:0
BRH:0
end_of_record
TN:
SF:C:/Users/berge/log2990/client/src/app/constants.ts
FNF:0
FNH:0
DA:1,1
DA:2,1
DA:3,1
DA:4,1
DA:5,1
DA:6,1
DA:7,1
DA:8,1
DA:9,1
LF:9
LH:9
BRF:0
BRH:0
end_of_record
TN:
SF:C:/Users/berge/log2990/client/src/app/invalidArgumentError.ts
FN:1,(anonymous_5)
FNF:1
FNH:1
FNDA:2,(anonymous_5)
DA:1,1
LF:1
LH:1
BRF:0
BRH:0
end_of_record
TN:
SF:C:/Users/berge/log2990/client/src/app/mock-grid.ts
FNF:0
FNH:0
DA:1,1
LF:1
LH:1
BRF:0
BRH:0
end_of_record
TN:
SF:C:/Users/berge/log2990/client/src/app/mock-words.ts
FNF:0
FNH:0
DA:2,1
DA:21,1
DA:35,1
LF:3
LH:3
BRF:0
BRH:0
end_of_record
TN:
SF:C:/Users/berge/log2990/client/src/app/crosswords/type.ts
FN:1,(anonymous_0)
FNF:1
FNH:1
FNDA:1,(anonymous_0)
DA:1,1
DA:2,1
DA:3,1
DA:4,1
DA:5,1
LF:5
LH:5
BRDA:1,0,0,1
BRDA:1,0,1,1
BRF:2
BRH:2
end_of_record
TN:
SF:C:/Users/berge/log2990/client/src/app/crosswords/clues/clues.component.ts
FN:14,(anonymous_2)
FN:20,CluesComponent
FN:30,(anonymous_4)
FN:40,(anonymous_5)
FN:44,(anonymous_6)
FN:48,(anonymous_7)
FN:51,(anonymous_8)
FN:58,(anonymous_9)
FN:69,(anonymous_10)
FN:73,(anonymous_11)
FN:77,(anonymous_12)
FN:79,(anonymous_13)
FNF:12
FNH:8
FNDA:1,(anonymous_2)
FNDA:5,CluesComponent
FNDA:3,(anonymous_4)
FNDA:3,(anonymous_5)
FNDA:23,(anonymous_6)
FNDA:9,(anonymous_7)
FNDA:0,(anonymous_8)
FNDA:0,(anonymous_9)
FNDA:0,(anonymous_10)
FNDA:110,(anonymous_11)
FNDA:5,(anonymous_12)
FNDA:0,(anonymous_13)
DA:1,1
DA:2,1
DA:5,1
DA:7,1
DA:14,1
DA:21,5
DA:22,5
DA:24,5
DA:25,5
DA:26,5
DA:27,5
DA:30,1
DA:31,3
DA:32,3
DA:33,3
DA:35,0
DA:36,0
DA:40,1
DA:41,3
DA:44,1
DA:45,23
DA:49,9
DA:51,1
DA:52,0
DA:58,1
DA:59,0
DA:60,0
DA:61,0
DA:62,0
DA:63,0
DA:69,1
DA:70,0
DA:73,1
DA:74,110
DA:77,5
DA:78,5
DA:79,0
DA:82,1
LF:38
LH:28
BRDA:31,0,0,3
BRDA:31,0,1,0
BRDA:52,1,0,0
BRDA:52,1,1,0
BRDA:52,1,2,0
BRDA:52,1,3,0
BRDA:59,2,0,0
BRDA:59,2,1,0
BRDA:61,3,0,0
BRDA:61,3,1,0
BRF:10
BRH:1
end_of_record
TN:
SF:C:/Users/berge/log2990/client/src/app/crosswords/crossword/crossword.component.ts
FN:12,(anonymous_2)
FN:17,CrosswordComponent
FN:21,(anonymous_4)
FN:25,(anonymous_5)
FN:29,(anonymous_6)
FN:35,(anonymous_7)
FN:39,(anonymous_8)
FN:43,(anonymous_9)
FN:46,(anonymous_10)
FN:51,(anonymous_11)
FNF:10
FNH:4
FNDA:1,(anonymous_2)
FNDA:1,CrosswordComponent
FNDA:0,(anonymous_4)
FNDA:0,(anonymous_5)
FNDA:0,(anonymous_6)
FNDA:0,(anonymous_7)
FNDA:2,(anonymous_8)
FNDA:0,(anonymous_9)
FNDA:0,(anonymous_10)
FNDA:4,(anonymous_11)
DA:1,1
DA:3,1
DA:4,1
DA:12,1
DA:14,1
DA:15,1
DA:17,1
DA:18,1
DA:19,1
DA:21,1
DA:22,0
DA:25,1
DA:26,0
DA:29,1
DA:30,0
DA:35,1
DA:36,0
DA:39,1
DA:40,2
DA:43,1
DA:44,0
DA:46,1
DA:47,0
DA:48,0
DA:51,1
DA:52,4
DA:55,1
LF:27
LH:20
BRF:0
BRH:0
end_of_record
TN:
SF:C:/Users/berge/log2990/client/src/app/crosswords/difficulty/difficulty.component.ts
FN:11,(anonymous_2)
FN:16,DifficultyComponent
FN:25,(anonymous_4)
FN:30,(anonymous_5)
FN:34,(anonymous_6)
FNF:5
FNH:5
FNDA:1,(anonymous_2)
FNDA:43,DifficultyComponent
FNDA:4,(anonymous_4)
FNDA:1006,(anonymous_5)
FNDA:1002,(anonymous_6)
DA:1,1
DA:2,1
DA:3,1
DA:11,1
DA:16,43
DA:17,43
DA:18,43
DA:25,1
DA:26,4
DA:27,4
DA:30,1
DA:31,1006
DA:34,1
DA:35,1002
DA:38,1
LF:15
LH:15
BRF:0
BRH:0
end_of_record
TN:
SF:C:/Users/berge/log2990/client/src/app/crosswords/grid/grid.component.ts
FN:33,(anonymous_2)
FN:35,GridComponent
FN:37,(anonymous_4)
FN:41,(anonymous_5)
FN:45,(anonymous_6)
FN:51,(anonymous_7)
FNF:6
FNH:4
FNDA:1,(anonymous_2)
FNDA:13,GridComponent
FNDA:0,(anonymous_4)
FNDA:0,(anonymous_5)
FNDA:4,(anonymous_6)
FNDA:4,(anonymous_7)
DA:3,1
DA:6,1
DA:7,1
DA:33,1
DA:35,13
DA:37,1
DA:38,0
DA:41,1
DA:42,0
DA:45,1
DA:46,4
DA:48,4
DA:51,1
DA:52,4
DA:54,4
DA:56,4
DA:63,1
LF:17
LH:15
BRDA:54,0,0,2
BRDA:54,0,1,2
BRDA:57,1,0,2
BRDA:57,1,1,2
BRDA:58,2,0,2
BRDA:58,2,1,2
BRF:6
BRH:6
end_of_record
TN:
SF:C:/Users/berge/log2990/client/src/app/crosswords/mode/mode.component.ts
FN:11,(anonymous_4)
FN:19,ModeDialogComponent
FN:29,(anonymous_6)
FN:33,(anonymous_7)
FN:34,(anonymous_8)
FN:41,(anonymous_9)
FN:45,(anonymous_10)
FN:50,(anonymous_11)
FN:54,(anonymous_12)
FN:59,(anonymous_13)
FN:63,(anonymous_14)
FN:67,(anonymous_15)
FN:72,(anonymous_16)
FN:76,(anonymous_17)
FN:83,(anonymous_18)
FN:87,(anonymous_19)
FN:91,(anonymous_20)
FN:95,(anonymous_21)
FN:99,(anonymous_22)
FN:104,(anonymous_23)
FN:114,(anonymous_24)
FN:116,ModeComponent
FN:125,(anonymous_26)
FN:126,(anonymous_27)
FN:133,(anonymous_28)
FNF:25
FNH:19
FNDA:1,(anonymous_4)
FNDA:33,ModeDialogComponent
FNDA:0,(anonymous_6)
FNDA:33,(anonymous_7)
FNDA:0,(anonymous_8)
FNDA:700,(anonymous_9)
FNDA:326,(anonymous_10)
FNDA:0,(anonymous_11)
FNDA:326,(anonymous_12)
FNDA:327,(anonymous_13)
FNDA:652,(anonymous_14)
FNDA:0,(anonymous_15)
FNDA:978,(anonymous_16)
FNDA:2,(anonymous_17)
FNDA:326,(anonymous_18)
FNDA:0,(anonymous_19)
FNDA:1,(anonymous_20)
FNDA:2,(anonymous_21)
FNDA:3,(anonymous_22)
FNDA:3,(anonymous_23)
FNDA:1,(anonymous_24)
FNDA:17,ModeComponent
FNDA:17,(anonymous_26)
FNDA:0,(anonymous_27)
FNDA:17,(anonymous_28)
DA:1,1
DA:2,1
DA:4,1
DA:11,1
DA:13,33
DA:14,33
DA:15,33
DA:16,33
DA:17,33
DA:20,33
DA:21,33
DA:22,33
DA:23,33
DA:24,33
DA:25,33
DA:29,1
DA:30,0
DA:33,33
DA:34,33
DA:35,0
DA:36,0
DA:41,1
DA:42,700
DA:45,1
DA:46,326
DA:50,1
DA:51,0
DA:54,1
DA:55,326
DA:59,1
DA:60,327
DA:63,1
DA:64,652
DA:67,1
DA:68,0
DA:72,1
DA:73,978
DA:76,1
DA:77,2
DA:79,2
DA:83,1
DA:84,326
DA:87,1
DA:88,0
DA:91,1
DA:92,1
DA:95,1
DA:96,2
DA:99,1
DA:100,3
DA:101,3
DA:104,1
DA:105,3
DA:107,1
DA:114,1
DA:117,17
DA:118,17
DA:120,17
DA:121,17
DA:125,17
DA:126,17
DA:127,0
DA:128,0
DA:133,1
DA:134,17
DA:141,1
LF:66
LH:58
BRDA:35,0,0,0
BRDA:35,0,1,0
BRDA:46,1,0,326
BRDA:46,1,1,16
BRDA:55,2,0,326
BRDA:55,2,1,0
BRDA:127,3,0,0
BRDA:127,3,1,0
BRF:8
BRH:3
end_of_record
TN:
SF:C:/Users/berge/log2990/client/src/app/crosswords/termination/termination.component.ts
FN:11,(anonymous_4)
FN:17,TerminationDialogComponent
FN:29,(anonymous_6)
FN:33,(anonymous_7)
FN:37,(anonymous_8)
FN:50,(anonymous_9)
FN:55,(anonymous_10)
FN:56,(anonymous_11)
FN:62,(anonymous_12)
FN:67,(anonymous_13)
FN:72,(anonymous_14)
FN:73,(anonymous_15)
FN:80,(anonymous_16)
FN:90,(anonymous_17)
FN:92,TerminationComponent
FN:102,(anonymous_19)
FN:110,(anonymous_20)
FN:111,(anonymous_21)
FN:118,(anonymous_22)
FN:126,(anonymous_23)
FN:127,(anonymous_24)
FNF:21
FNH:12
FNDA:1,(anonymous_4)
FNDA:11,TerminationDialogComponent
FNDA:1,(anonymous_6)
FNDA:3,(anonymous_7)
FNDA:1,(anonymous_8)
FNDA:2,(anonymous_9)
FNDA:11,(anonymous_10)
FNDA:0,(anonymous_11)
FNDA:0,(anonymous_12)
FNDA:0,(anonymous_13)
FNDA:11,(anonymous_14)
FNDA:0,(anonymous_15)
FNDA:0,(anonymous_16)
FNDA:1,(anonymous_17)
FNDA:10,TerminationComponent
FNDA:0,(anonymous_19)
FNDA:10,(anonymous_20)
FNDA:0,(anonymous_21)
FNDA:0,(anonymous_22)
FNDA:10,(anonymous_23)
FNDA:0,(anonymous_24)
DA:1,1
DA:2,1
DA:3,1
DA:4,1
DA:11,1
DA:13,11
DA:14,11
DA:18,11
DA:19,11
DA:20,11
DA:21,11
DA:23,11
DA:24,11
DA:25,11
DA:26,11
DA:29,1
DA:30,1
DA:33,1
DA:34,3
DA:37,1
DA:46,1
DA:50,1
DA:51,2
DA:52,2
DA:55,11
DA:56,11
DA:57,0
DA:58,0
DA:62,1
DA:63,0
DA:64,0
DA:67,1
DA:68,0
DA:69,0
DA:72,11
DA:73,11
DA:74,0
DA:75,0
DA:80,1
DA:81,0
DA:83,1
DA:90,1
DA:93,10
DA:94,10
DA:97,10
DA:98,10
DA:102,1
DA:103,0
DA:110,10
DA:111,10
DA:112,0
DA:113,0
DA:118,1
DA:119,0
DA:120,0
DA:122,0
DA:126,10
DA:127,10
DA:128,0
DA:129,0
DA:131,0
DA:132,0
DA:134,0
DA:135,0
DA:137,0
DA:143,1
LF:66
LH:44
BRDA:74,0,0,0
BRDA:74,0,1,0
BRDA:112,1,0,0
BRDA:112,1,1,0
BRDA:119,2,0,0
BRDA:119,2,1,0
BRDA:128,3,0,0
BRDA:128,3,1,0
BRDA:130,4,0,0
BRDA:130,4,1,0
BRDA:130,4,2,0
BRF:11
BRH:0
end_of_record
TN:
SF:C:/Users/berge/log2990/client/src/app/difficulty.service/difficulty.service.ts
FN:7,(anonymous_2)
FN:11,DifficultyService
FN:15,(anonymous_4)
FN:19,(anonymous_5)
FNF:4
FNH:4
FNDA:1,(anonymous_2)
FNDA:82,DifficultyService
FNDA:77,(anonymous_4)
FNDA:7,(anonymous_5)
DA:1,1
DA:3,1
DA:7,1
DA:9,82
DA:12,82
DA:15,1
DA:16,77
DA:19,1
DA:20,7
DA:22,1
LF:10
LH:10
BRF:0
BRH:0
end_of_record
TN:
SF:C:/Users/berge/log2990/client/src/app/grid.service/grid.service.ts
FN:15,(anonymous_2)
FN:23,GridService
FN:33,(anonymous_4)
FN:35,(anonymous_5)
FN:43,(anonymous_6)
FN:45,(anonymous_7)
FN:50,(anonymous_8)
FN:52,(anonymous_9)
FN:58,(anonymous_10)
FN:63,(anonymous_11)
FN:68,(anonymous_12)
FN:79,(anonymous_13)
FN:88,(anonymous_14)
FN:96,(anonymous_15)
FN:116,(anonymous_16)
FN:121,(anonymous_17)
FN:136,(anonymous_18)
FN:148,(anonymous_19)
FN:155,(anonymous_20)
FN:157,(anonymous_21)
FN:164,(anonymous_22)
FN:184,(anonymous_23)
FN:201,(anonymous_24)
FN:206,(anonymous_25)
FN:231,(anonymous_26)
FN:240,(anonymous_27)
FN:241,(anonymous_28)
FN:244,(anonymous_29)
FN:247,(anonymous_30)
FN:259,(anonymous_31)
FN:263,(anonymous_32)
FN:269,(anonymous_33)
FN:273,(anonymous_34)
FN:277,(anonymous_35)
FN:281,(anonymous_36)
FNF:35
FNH:17
FNDA:1,(anonymous_2)
FNDA:24,GridService
FNDA:24,(anonymous_4)
FNDA:0,(anonymous_5)
FNDA:0,(anonymous_6)
FNDA:0,(anonymous_7)
FNDA:0,(anonymous_8)
FNDA:0,(anonymous_9)
FNDA:0,(anonymous_10)
FNDA:3,(anonymous_11)
FNDA:0,(anonymous_12)
FNDA:13,(anonymous_13)
FNDA:4,(anonymous_14)
FNDA:0,(anonymous_15)
FNDA:0,(anonymous_16)
FNDA:0,(anonymous_17)
FNDA:0,(anonymous_18)
FNDA:0,(anonymous_19)
FNDA:0,(anonymous_20)
FNDA:0,(anonymous_21)
FNDA:0,(anonymous_22)
FNDA:0,(anonymous_23)
FNDA:0,(anonymous_24)
FNDA:0,(anonymous_25)
FNDA:4,(anonymous_26)
FNDA:24,(anonymous_27)
FNDA:240,(anonymous_28)
FNDA:2400,(anonymous_29)
FNDA:2400,(anonymous_30)
FNDA:6,(anonymous_31)
FNDA:8,(anonymous_32)
FNDA:28,(anonymous_33)
FNDA:5,(anonymous_34)
FNDA:9,(anonymous_35)
FNDA:4,(anonymous_36)
DA:1,1
DA:2,1
DA:3,1
DA:5,1
DA:6,1
DA:7,1
DA:9,1
DA:10,1
DA:11,1
DA:12,1
DA:15,1
DA:24,24
DA:25,24
DA:28,24
DA:29,24
DA:30,24
DA:33,24
DA:34,24
DA:36,0
DA:37,0
DA:38,0
DA:42,24
DA:44,0
DA:45,0
DA:46,0
DA:49,24
DA:51,0
DA:52,0
DA:53,0
DA:54,0
DA:58,1
DA:59,0
DA:60,0
DA:63,3
DA:65,3
DA:67,3
DA:68,0
DA:69,0
DA:70,0
DA:74,3
DA:75,3
DA:76,3
DA:78,3
DA:79,3
DA:80,13
DA:81,13
DA:82,3
DA:88,7
DA:89,4
DA:90,4
DA:91,4
DA:93,4
DA:95,4
DA:96,0
DA:97,0
DA:100,4
DA:101,16
DA:102,12
DA:104,16
DA:105,4
DA:106,4
DA:108,16
DA:109,0
DA:111,16
DA:112,16
DA:116,1
DA:118,0
DA:120,0
DA:121,0
DA:122,0
DA:123,0
DA:124,0
DA:129,0
DA:130,0
DA:131,0
DA:132,0
DA:136,1
DA:138,0
DA:139,0
DA:140,0
DA:142,0
DA:143,0
DA:144,0
DA:148,1
DA:149,0
DA:150,0
DA:152,0
DA:155,1
DA:156,0
DA:157,0
DA:158,0
DA:160,0
DA:164,1
DA:166,0
DA:167,0
DA:168,0
DA:170,0
DA:171,0
DA:174,0
DA:175,0
DA:177,0
DA:178,0
DA:181,0
DA:184,1
DA:186,0
DA:187,0
DA:188,0
DA:190,0
DA:192,0
DA:193,0
DA:194,0
DA:196,0
DA:201,1
DA:202,0
DA:203,0
DA:204,0
DA:206,0
DA:207,0
DA:208,0
DA:209,0
DA:210,0
DA:211,0
DA:213,0
DA:214,0
DA:215,0
DA:216,0
DA:217,0
DA:218,0
DA:219,0
DA:222,0
DA:224,0
DA:226,0
DA:231,1
DA:232,4
DA:233,3
DA:234,3
DA:235,3
DA:236,3
DA:240,24
DA:241,24
DA:242,240
DA:244,2400
DA:247,24
DA:248,2400
DA:249,2400
DA:250,2400
DA:251,1200
DA:254,2400
DA:259,1
DA:260,6
DA:263,1
DA:264,8
DA:269,1
DA:270,28
DA:273,1
DA:274,5
DA:278,9
DA:281,1
DA:282,4
DA:284,1
LF:160
LH:82
BRDA:36,0,0,0
BRDA:36,0,1,0
BRDA:45,1,0,0
BRDA:45,1,1,0
BRDA:46,2,0,0
BRDA:46,2,1,0
BRDA:52,3,0,0
BRDA:52,3,1,0
BRDA:67,4,0,0
BRDA:67,4,1,3
BRDA:76,5,0,2
BRDA:76,5,1,1
BRDA:78,6,0,3
BRDA:78,6,1,0
BRDA:81,7,0,3
BRDA:81,7,1,10
BRDA:88,8,0,3
BRDA:88,8,1,1
BRDA:95,9,0,0
BRDA:95,9,1,4
BRDA:101,10,0,12
BRDA:101,10,1,4
BRDA:104,11,0,4
BRDA:104,11,1,12
BRDA:108,12,0,0
BRDA:108,12,1,16
BRDA:108,13,0,16
BRDA:108,13,1,4
BRDA:111,14,0,16
BRDA:111,14,1,0
BRDA:116,15,0,0
BRDA:116,15,1,0
BRDA:120,16,0,0
BRDA:120,16,1,0
BRDA:122,17,0,0
BRDA:122,17,1,0
BRDA:129,18,0,0
BRDA:129,18,1,0
BRDA:142,19,0,0
BRDA:142,19,1,0
BRDA:166,20,0,0
BRDA:166,20,1,0
BRDA:167,21,0,0
BRDA:167,21,1,0
BRDA:174,22,0,0
BRDA:174,22,1,0
BRDA:186,23,0,0
BRDA:186,23,1,0
BRDA:186,24,0,0
BRDA:186,24,1,0
BRDA:187,25,0,0
BRDA:187,25,1,0
BRDA:192,26,0,0
BRDA:192,26,1,0
BRDA:193,27,0,0
BRDA:193,27,1,0
BRDA:204,28,0,0
BRDA:204,28,1,0
BRDA:209,29,0,0
BRDA:209,29,1,0
BRDA:214,30,0,0
BRDA:214,30,1,0
BRDA:214,31,0,0
BRDA:214,31,1,0
BRDA:218,32,0,0
BRDA:218,32,1,0
BRDA:232,33,0,3
BRDA:232,33,1,1
BRDA:250,34,0,1200
BRDA:250,34,1,1200
BRDA:260,35,0,2
BRDA:260,35,1,4
BRDA:265,36,0,4
BRDA:265,36,1,4
BRF:74
BRH:25
end_of_record
TN:
SF:C:/Users/berge/log2990/client/src/app/grid.service/grid.tools.ts
FN:8,(anonymous_1)
FN:14,(anonymous_3)
FN:22,(anonymous_4)
FN:33,(anonymous_5)
FN:34,(anonymous_6)
FN:35,(anonymous_7)
FN:38,(anonymous_8)
FN:42,(anonymous_9)
FN:47,(anonymous_10)
FN:51,(anonymous_11)
FN:67,(anonymous_12)
FN:73,(anonymous_13)
FN:79,(anonymous_14)
FN:83,(anonymous_15)
FN:87,(anonymous_16)
FN:91,(anonymous_17)
FN:97,(anonymous_18)
FN:104,(anonymous_19)
FNF:18
FNH:10
FNDA:25,(anonymous_1)
FNDA:24,(anonymous_3)
FNDA:3,(anonymous_4)
FNDA:2400,(anonymous_5)
FNDA:26400,(anonymous_6)
FNDA:264,(anonymous_7)
FNDA:0,(anonymous_8)
FNDA:0,(anonymous_9)
FNDA:3,(anonymous_10)
FNDA:0,(anonymous_11)
FNDA:0,(anonymous_12)
FNDA:0,(anonymous_13)
FNDA:0,(anonymous_14)
FNDA:0,(anonymous_15)
FNDA:0,(anonymous_16)
FNDA:4,(anonymous_17)
FNDA:4,(anonymous_18)
FNDA:12,(anonymous_19)
DA:1,1
DA:3,1
DA:5,1
DA:8,1
DA:14,1
DA:15,24
DA:16,240
DA:17,2400
DA:22,1
DA:23,3
DA:24,3
DA:25,13
DA:27,13
DA:28,0
DA:33,1
DA:34,26400
DA:35,264
DA:38,1
DA:39,0
DA:42,1
DA:43,0
DA:44,0
DA:47,1
DA:48,3
DA:51,1
DA:53,0
DA:54,0
DA:56,0
DA:57,0
DA:59,0
DA:60,0
DA:64,0
DA:67,1
DA:68,0
DA:69,0
DA:73,1
DA:74,0
DA:75,0
DA:79,1
DA:80,0
DA:83,1
DA:84,0
DA:87,1
DA:88,0
DA:91,1
DA:92,4
DA:94,4
DA:97,1
DA:98,4
DA:99,4
DA:100,4
DA:101,4
DA:104,1
DA:105,12
DA:106,12
DA:107,12
DA:110,1
LF:57
LH:39
BRDA:23,0,0,2
BRDA:23,0,1,1
BRDA:25,1,0,8
BRDA:25,1,1,5
BRDA:27,2,0,0
BRDA:27,2,1,13
BRDA:34,3,0,26400
BRDA:34,3,1,2640
BRDA:39,4,0,0
BRDA:39,4,1,0
BRDA:53,5,0,0
BRDA:53,5,1,0
BRDA:54,6,0,0
BRDA:54,6,1,0
BRDA:54,7,0,0
BRDA:54,7,1,0
BRDA:80,8,0,0
BRDA:80,8,1,0
BRDA:84,9,0,0
BRDA:84,9,1,0
BRDA:88,10,0,0
BRDA:88,10,1,0
BRF:22
BRH:7
end_of_record
TN:
SF:C:/Users/berge/log2990/client/src/app/home/home.component.ts
FN:8,(anonymous_1)
FN:10,(anonymous_3)
FNF:2
FNH:2
FNDA:2,(anonymous_1)
FNDA:1,(anonymous_3)
DA:1,1
DA:8,1
DA:10,1
DA:12,1
LF:4
LH:4
BRF:0
BRH:0
end_of_record
TN:
SF:C:/Users/berge/log2990/client/src/app/race/DotCommand.ts
FN:18,(anonymous_5)
FN:19,LineSegment
FN:27,(anonymous_7)
FN:35,DotCommand
FN:47,(anonymous_9)
FN:54,(anonymous_10)
FN:62,(anonymous_11)
FN:83,(anonymous_12)
FN:110,(anonymous_13)
FN:127,(anonymous_14)
FN:144,(anonymous_15)
FN:150,(anonymous_16)
FN:156,(anonymous_17)
FN:166,(anonymous_18)
FN:177,(anonymous_19)
FN:187,(anonymous_20)
FN:199,(anonymous_21)
FN:211,(anonymous_22)
FN:227,(anonymous_23)
FN:231,(anonymous_24)
FN:235,(anonymous_25)
FN:239,(anonymous_26)
FN:243,(anonymous_27)
FNF:23
FNH:2
FNDA:1,(anonymous_5)
FNDA:0,LineSegment
FNDA:1,(anonymous_7)
FNDA:0,DotCommand
FNDA:0,(anonymous_9)
FNDA:0,(anonymous_10)
FNDA:0,(anonymous_11)
FNDA:0,(anonymous_12)
FNDA:0,(anonymous_13)
FNDA:0,(anonymous_14)
FNDA:0,(anonymous_15)
FNDA:0,(anonymous_16)
FNDA:0,(anonymous_17)
FNDA:0,(anonymous_18)
FNDA:0,(anonymous_19)
FNDA:0,(anonymous_20)
FNDA:0,(anonymous_21)
FNDA:0,(anonymous_22)
FNDA:0,(anonymous_23)
FNDA:0,(anonymous_24)
FNDA:0,(anonymous_25)
FNDA:0,(anonymous_26)
FNDA:0,(anonymous_27)
DA:1,1
DA:7,1
DA:9,1
DA:10,1
DA:11,1
DA:12,1
DA:13,1
DA:14,1
DA:15,1
DA:16,1
DA:18,1
DA:20,0
DA:21,0
DA:23,0
DA:25,1
DA:27,1
DA:36,0
DA:37,0
DA:38,0
DA:40,0
DA:41,0
DA:42,0
DA:43,0
DA:44,0
DA:47,1
DA:48,0
DA:49,0
DA:50,0
DA:54,1
DA:55,0
DA:56,0
DA:57,0
DA:58,0
DA:59,0
DA:62,1
DA:63,0
DA:65,0
DA:68,0
DA:69,0
DA:70,0
DA:72,0
DA:74,0
DA:75,0
DA:76,0
DA:78,0
DA:79,0
DA:83,1
DA:85,0
DA:87,0
DA:89,0
DA:90,0
DA:91,0
DA:93,0
DA:94,0
DA:95,0
DA:96,0
DA:97,0
DA:99,0
DA:100,0
DA:101,0
DA:102,0
DA:103,0
DA:107,0
DA:110,1
DA:111,0
DA:112,0
DA:114,0
DA:115,0
DA:117,0
DA:119,0
DA:120,0
DA:121,0
DA:123,0
DA:124,0
DA:127,1
DA:128,0
DA:130,0
DA:131,0
DA:133,0
DA:134,0
DA:138,0
DA:139,0
DA:141,0
DA:144,1
DA:145,0
DA:146,0
DA:147,0
DA:150,1
DA:151,0
DA:152,0
DA:153,0
DA:156,1
DA:157,0
DA:159,0
DA:160,0
DA:162,0
DA:166,1
DA:167,0
DA:168,0
DA:171,0
DA:172,0
DA:174,0
DA:177,1
DA:178,0
DA:179,0
DA:180,0
DA:181,0
DA:183,0
DA:187,1
DA:188,0
DA:190,0
DA:191,0
DA:192,0
DA:196,0
DA:199,1
DA:201,0
DA:203,0
DA:204,0
DA:205,0
DA:208,0
DA:211,1
DA:212,0
DA:214,0
DA:215,0
DA:216,0
DA:217,0
DA:220,0
DA:221,0
DA:222,0
DA:227,1
DA:228,0
DA:231,1
DA:232,0
DA:235,1
DA:236,0
DA:239,1
DA:240,0
DA:243,1
DA:244,0
DA:246,1
LF:140
LH:33
BRDA:23,0,0,0
BRDA:23,0,1,0
BRDA:48,1,0,0
BRDA:48,1,1,0
BRDA:48,2,0,0
BRDA:48,2,1,0
BRDA:63,3,0,0
BRDA:63,3,1,0
BRDA:66,4,0,0
BRDA:66,4,1,0
BRDA:87,5,0,0
BRDA:87,5,1,0
BRDA:93,6,0,0
BRDA:93,6,1,0
BRDA:93,7,0,0
BRDA:93,7,1,0
BRDA:93,7,2,0
BRDA:94,8,0,0
BRDA:94,8,1,0
BRDA:101,9,0,0
BRDA:101,9,1,0
BRDA:128,10,0,0
BRDA:128,10,1,0
BRDA:130,11,0,0
BRDA:130,11,1,0
BRDA:133,12,0,0
BRDA:133,12,1,0
BRDA:169,13,0,0
BRDA:169,13,1,0
BRDA:178,14,0,0
BRDA:178,14,1,0
BRDA:191,15,0,0
BRDA:191,15,1,0
BRDA:191,16,0,0
BRDA:191,16,1,0
BRDA:216,17,0,0
BRDA:216,17,1,0
BRF:37
BRH:0
end_of_record
TN:
SF:C:/Users/berge/log2990/client/src/app/race/trackBuilder.ts
FN:12,(anonymous_0)
FN:16,TrackBuilder
FN:21,(anonymous_2)
FN:36,(anonymous_3)
FN:57,(anonymous_4)
FN:63,(anonymous_5)
FNF:6
FNH:1
FNDA:1,(anonymous_0)
FNDA:0,TrackBuilder
FNDA:0,(anonymous_2)
FNDA:0,(anonymous_3)
FNDA:0,(anonymous_4)
FNDA:0,(anonymous_5)
DA:1,1
DA:6,1
DA:8,1
DA:9,1
DA:10,1
DA:12,1
DA:16,0
DA:17,0
DA:18,0
DA:21,1
DA:22,0
DA:24,0
DA:26,0
DA:28,0
DA:30,0
DA:33,0
DA:36,1
DA:37,0
DA:38,0
DA:39,0
DA:41,0
DA:42,0
DA:43,0
DA:44,0
DA:45,0
DA:46,0
DA:48,0
DA:49,0
DA:51,0
DA:54,0
DA:57,1
DA:58,0
DA:59,0
DA:63,1
DA:64,0
DA:65,0
DA:66,0
DA:67,0
DA:68,0
DA:70,1
LF:40
LH:11
BRDA:48,0,0,0
BRDA:48,0,1,0
BRF:2
BRH:0
end_of_record
TN:
SF:C:/Users/berge/log2990/client/src/app/race/trackInformation.ts
FN:4,(anonymous_12)
FN:9,TrackInformation
FN:11,(anonymous_14)
FN:12,(anonymous_15)
FN:14,(anonymous_16)
FN:19,(anonymous_17)
FN:21,(anonymous_20)
FN:24,(anonymous_21)
FN:29,(anonymous_22)
FN:34,(anonymous_25)
FN:38,(anonymous_28)
FN:43,(anonymous_31)
FN:47,(anonymous_32)
FN:51,(anonymous_33)
FNF:14
FNH:1
FNDA:1,(anonymous_12)
FNDA:0,TrackInformation
FNDA:0,(anonymous_14)
FNDA:0,(anonymous_15)
FNDA:0,(anonymous_16)
FNDA:0,(anonymous_17)
FNDA:0,(anonymous_20)
FNDA:0,(anonymous_21)
FNDA:0,(anonymous_22)
FNDA:0,(anonymous_25)
FNDA:0,(anonymous_28)
FNDA:0,(anonymous_31)
FNDA:0,(anonymous_32)
FNDA:0,(anonymous_33)
DA:1,1
DA:4,1
DA:9,0
DA:11,1
DA:12,0
DA:13,0
DA:15,0
DA:19,1
DA:21,0
DA:22,0
DA:23,0
DA:25,0
DA:29,1
DA:30,0
DA:31,0
DA:34,1
DA:35,0
DA:38,1
DA:39,0
DA:40,0
DA:43,1
DA:44,0
DA:47,1
DA:48,0
DA:51,1
DA:52,0
DA:54,1
LF:27
LH:11
BRDA:9,0,0,0
BRDA:9,0,1,0
BRF:2
BRH:0
end_of_record
TN:
SF:C:/Users/berge/log2990/client/src/app/race/admin-component/admin.component.ts
FN:8,(anonymous_1)
FNF:1
FNH:1
FNDA:1,(anonymous_1)
DA:1,1
DA:8,1
LF:2
LH:2
BRF:0
BRH:0
end_of_record
TN:
SF:C:/Users/berge/log2990/client/src/app/race/camera-service/camera.service.ts
FN:8,(anonymous_1)
FN:14,(anonymous_2)
FN:21,(anonymous_4)
FN:28,(anonymous_5)
FN:32,(anonymous_6)
FN:42,(anonymous_7)
FN:46,(anonymous_8)
FN:51,(anonymous_9)
FNF:8
FNH:7
FNDA:1,(anonymous_1)
FNDA:10,(anonymous_2)
FNDA:7,(anonymous_4)
FNDA:12,(anonymous_5)
FNDA:5,(anonymous_6)
FNDA:29,(anonymous_7)
FNDA:0,(anonymous_8)
FNDA:6,(anonymous_9)
DA:1,1
DA:3,1
DA:4,1
DA:8,1
DA:9,1
DA:10,1
DA:14,1
DA:21,1
DA:22,7
DA:23,7
DA:24,7
DA:25,7
DA:28,1
DA:29,12
DA:32,1
DA:33,5
DA:34,4
DA:35,4
DA:37,1
DA:38,1
DA:42,1
DA:43,29
DA:46,1
DA:47,0
DA:48,0
DA:51,1
DA:52,6
DA:54,1
LF:28
LH:26
BRDA:8,0,0,1
BRDA:8,0,1,1
BRDA:33,1,0,4
BRDA:33,1,1,1
BRF:4
BRH:4
end_of_record
TN:
SF:C:/Users/berge/log2990/client/src/app/race/camera-state/AbsCamera.ts
FN:4,(anonymous_0)
FN:9,(anonymous_1)
FN:13,AbsCamera
FN:15,(anonymous_3)
FNF:4
FNH:4
FNDA:1,(anonymous_0)
FNDA:1,(anonymous_1)
FNDA:12,AbsCamera
FNDA:29,(anonymous_3)
DA:4,1
DA:5,1
DA:6,1
DA:9,1
DA:15,1
DA:16,29
DA:24,1
LF:7
LH:7
BRDA:4,0,0,1
BRDA:4,0,1,1
BRF:2
BRH:2
end_of_record
TN:
SF:C:/Users/berge/log2990/client/src/app/race/camera-state/third-person-camera.ts
FN:13,(anonymous_5)
FN:17,ThirdPersonCamera
FN:30,(anonymous_7)
FN:37,(anonymous_8)
FN:43,(anonymous_9)
FN:47,(anonymous_10)
FNF:6
FNH:5
FNDA:1,(anonymous_5)
FNDA:8,ThirdPersonCamera
FNDA:0,(anonymous_7)
FNDA:7,(anonymous_8)
FNDA:3,(anonymous_9)
FNDA:3,(anonymous_10)
DA:1,1
DA:2,1
DA:5,1
DA:6,1
DA:7,1
DA:8,1
DA:9,1
DA:10,1
DA:11,1
DA:13,1
DA:18,8
DA:19,8
DA:25,8
DA:26,8
DA:27,8
DA:30,1
DA:31,0
DA:33,0
DA:34,0
DA:37,1
DA:38,7
DA:39,7
DA:40,7
DA:43,1
DA:44,3
DA:47,1
DA:48,3
DA:49,3
DA:50,3
DA:54,1
LF:30
LH:27
BRDA:18,0,0,8
BRDA:18,0,1,8
BRDA:44,1,0,1
BRDA:44,1,1,2
BRDA:48,2,0,3
BRDA:48,2,1,0
BRDA:49,3,0,1
BRDA:49,3,1,2
BRDA:50,4,0,1
BRDA:50,4,1,2
BRF:10
BRH:9
end_of_record
TN:
SF:C:/Users/berge/log2990/client/src/app/race/camera-state/top-down-camera.ts
FN:10,(anonymous_5)
FN:12,TopDownCamera
FN:28,(anonymous_7)
FN:37,(anonymous_8)
FN:42,(anonymous_9)
FN:46,(anonymous_10)
FNF:6
FNH:5
FNDA:1,(anonymous_5)
FNDA:4,TopDownCamera
FNDA:0,(anonymous_7)
FNDA:5,(anonymous_8)
FNDA:3,(anonymous_9)
FNDA:3,(anonymous_10)
DA:1,1
DA:2,1
DA:5,1
DA:6,1
DA:7,1
DA:8,1
DA:10,1
DA:13,4
DA:15,4
DA:23,4
DA:24,4
DA:25,4
DA:28,1
DA:29,0
DA:31,0
DA:32,0
DA:34,0
DA:37,1
DA:38,5
DA:39,5
DA:42,1
DA:43,3
DA:46,1
DA:47,3
DA:48,3
DA:50,3
DA:51,3
DA:55,1
LF:28
LH:24
BRDA:13,0,0,4
BRDA:13,0,1,4
BRDA:43,1,0,1
BRDA:43,1,1,2
BRDA:48,2,0,3
BRDA:48,2,1,0
BRDA:50,3,0,1
BRDA:50,3,1,2
BRF:8
BRH:7
end_of_record
TN:
SF:C:/Users/berge/log2990/client/src/app/race/car/car.ts
FN:17,(anonymous_17)
FN:33,Car
FN:70,(anonymous_19)
FN:74,(anonymous_20)
FN:78,(anonymous_21)
FN:82,(anonymous_22)
FN:86,(anonymous_23)
FN:96,(anonymous_24)
FN:100,(anonymous_25)
FN:104,(anonymous_26)
FN:105,(anonymous_29)
FN:107,(anonymous_30)
FN:113,(anonymous_31)
FN:119,(anonymous_34)
FN:123,(anonymous_35)
FN:127,(anonymous_36)
FN:131,(anonymous_37)
FN:135,(anonymous_38)
FN:139,(anonymous_39)
FN:162,(anonymous_40)
FN:172,(anonymous_41)
FN:182,(anonymous_42)
FN:204,(anonymous_43)
FN:214,(anonymous_44)
FN:223,(anonymous_45)
FN:231,(anonymous_46)
FN:235,(anonymous_47)
FN:239,(anonymous_48)
FN:243,(anonymous_49)
FN:247,(anonymous_50)
FN:251,(anonymous_51)
FN:255,(anonymous_52)
FN:259,(anonymous_53)
FN:263,(anonymous_54)
FN:267,(anonymous_55)
FN:272,(anonymous_56)
FNF:36
FNH:34
FNDA:1,(anonymous_17)
FNDA:32,Car
FNDA:181,(anonymous_19)
FNDA:0,(anonymous_20)
FNDA:0,(anonymous_21)
FNDA:6,(anonymous_22)
FNDA:169,(anonymous_23)
FNDA:69,(anonymous_24)
FNDA:19,(anonymous_25)
FNDA:25,(anonymous_26)
FNDA:25,(anonymous_29)
FNDA:25,(anonymous_30)
FNDA:25,(anonymous_31)
FNDA:1,(anonymous_34)
FNDA:2,(anonymous_35)
FNDA:1,(anonymous_36)
FNDA:1,(anonymous_37)
FNDA:1,(anonymous_38)
FNDA:41,(anonymous_39)
FNDA:41,(anonymous_40)
FNDA:41,(anonymous_41)
FNDA:82,(anonymous_42)
FNDA:24,(anonymous_43)
FNDA:24,(anonymous_44)
FNDA:103,(anonymous_45)
FNDA:41,(anonymous_46)
FNDA:43,(anonymous_47)
FNDA:41,(anonymous_48)
FNDA:41,(anonymous_49)
FNDA:41,(anonymous_50)
FNDA:103,(anonymous_51)
FNDA:82,(anonymous_52)
FNDA:41,(anonymous_53)
FNDA:41,(anonymous_54)
FNDA:2,(anonymous_55)
FNDA:10,(anonymous_56)
DA:1,1
DA:2,1
DA:3,1
DA:4,1
DA:6,1
DA:7,1
DA:8,1
DA:10,1
DA:11,1
DA:12,1
DA:13,1
DA:14,1
DA:15,1
DA:17,1
DA:34,34
DA:35,61
DA:36,61
DA:37,62
DA:38,63
DA:39,32
DA:41,32
DA:42,1
DA:43,1
DA:46,32
DA:47,1
DA:48,1
DA:51,32
DA:52,1
DA:53,1
DA:56,32
DA:57,32
DA:58,32
DA:59,32
DA:60,32
DA:62,32
DA:63,32
DA:64,32
DA:65,32
DA:67,32
DA:70,1
DA:71,181
DA:74,1
DA:75,0
DA:78,1
DA:79,0
DA:82,1
DA:83,6
DA:86,1
DA:87,169
DA:88,169
DA:90,169
DA:91,169
DA:93,169
DA:96,1
DA:97,69
DA:100,1
DA:101,19
DA:104,1
DA:105,25
DA:106,25
DA:107,25
DA:108,25
DA:113,1
DA:114,25
DA:115,25
DA:116,25
DA:119,1
DA:120,1
DA:123,1
DA:124,2
DA:127,1
DA:128,1
DA:131,1
DA:132,1
DA:135,1
DA:136,1
DA:139,1
DA:140,41
DA:143,41
DA:144,41
DA:145,41
DA:146,41
DA:147,41
DA:150,41
DA:153,41
DA:156,41
DA:157,41
DA:158,41
DA:159,41
DA:162,1
DA:163,41
DA:164,41
DA:165,41
DA:166,41
DA:167,41
DA:168,41
DA:169,41
DA:172,1
DA:173,41
DA:176,41
DA:178,41
DA:182,1
DA:183,82
DA:185,82
DA:186,28
DA:187,28
DA:188,28
DA:191,82
DA:192,62
DA:193,62
DA:194,62
DA:195,62
DA:196,20
DA:197,2
DA:198,2
DA:201,82
DA:204,1
DA:205,24
DA:209,24
DA:211,24
DA:214,1
DA:215,24
DA:216,24
DA:217,24
DA:218,24
DA:220,24
DA:223,1
DA:224,103
DA:226,103
DA:228,103
DA:231,1
DA:232,41
DA:235,1
DA:236,43
DA:239,1
DA:240,41
DA:243,1
DA:244,41
DA:247,1
DA:248,41
DA:251,1
DA:252,103
DA:255,1
DA:256,82
DA:259,1
DA:260,41
DA:263,1
DA:264,41
DA:267,1
DA:269,2
DA:272,1
DA:273,10
DA:275,1
LF:153
LH:151
BRDA:34,0,0,2
BRDA:34,0,1,30
BRDA:35,1,0,29
BRDA:35,1,1,3
BRDA:36,2,0,29
BRDA:36,2,1,3
BRDA:37,3,0,30
BRDA:37,3,1,2
BRDA:38,4,0,31
BRDA:38,4,1,1
BRDA:39,5,0,32
BRDA:39,5,1,32
BRDA:41,6,0,1
BRDA:41,6,1,31
BRDA:46,7,0,1
BRDA:46,7,1,31
BRDA:51,8,0,1
BRDA:51,8,1,31
BRDA:167,9,0,8
BRDA:167,9,1,33
BRDA:185,10,0,28
BRDA:185,10,1,54
BRDA:191,11,0,62
BRDA:191,11,1,20
BRDA:196,12,0,2
BRDA:196,12,1,18
BRDA:196,13,0,20
BRDA:196,13,1,2
BRF:28
BRH:28
end_of_record
TN:
SF:C:/Users/berge/log2990/client/src/app/race/car/collision.ts
FN:4,(anonymous_0)
FN:7,(anonymous_2)
FN:11,(anonymous_3)
FN:19,(anonymous_4)
FN:23,(anonymous_5)
FN:27,(anonymous_6)
FN:31,(anonymous_7)
FN:35,(anonymous_8)
FN:39,(anonymous_9)
FN:44,(anonymous_10)
FN:50,(anonymous_11)
FN:56,(anonymous_12)
FN:60,(anonymous_13)
FNF:13
FNH:13
FNDA:1,(anonymous_0)
FNDA:2,(anonymous_2)
FNDA:1,(anonymous_3)
FNDA:6,(anonymous_4)
FNDA:12,(anonymous_5)
FNDA:5,(anonymous_6)
FNDA:4,(anonymous_7)
FNDA:5,(anonymous_8)
FNDA:2,(anonymous_9)
FNDA:1,(anonymous_10)
FNDA:1,(anonymous_11)
FNDA:1,(anonymous_12)
FNDA:1,(anonymous_13)
DA:1,1
DA:4,1
DA:7,1
DA:8,2
DA:11,1
DA:12,1
DA:13,1
DA:15,1
DA:16,1
DA:19,1
DA:20,6
DA:23,1
DA:24,12
DA:27,1
DA:28,5
DA:31,1
DA:32,4
DA:35,1
DA:36,5
DA:39,1
DA:40,2
DA:44,1
DA:45,1
DA:50,1
DA:51,1
DA:56,1
DA:57,1
DA:60,1
DA:61,1
DA:63,1
LF:30
LH:30
BRF:0
BRH:0
end_of_record
TN:
SF:C:/Users/berge/log2990/client/src/app/race/car/engine.ts
FN:21,(anonymous_0)
FN:39,Engine
FN:47,(anonymous_2)
FN:31,(anonymous_3)
FN:35,(anonymous_4)
FN:78,(anonymous_5)
FN:83,(anonymous_6)
FN:87,(anonymous_7)
FN:97,(anonymous_8)
FN:116,(anonymous_9)
FN:129,(anonymous_10)
FN:133,(anonymous_11)
FNF:12
FNH:12
FNDA:1,(anonymous_0)
FNDA:48,Engine
FNDA:271,(anonymous_2)
FNDA:8,(anonymous_3)
FNDA:9,(anonymous_4)
FNDA:48,(anonymous_5)
FNDA:2,(anonymous_6)
FNDA:47,(anonymous_7)
FNDA:51,(anonymous_8)
FNDA:2,(anonymous_9)
FNDA:47,(anonymous_10)
FNDA:45,(anonymous_11)
DA:1,1
DA:2,1
DA:4,1
DA:5,1
DA:6,1
DA:7,1
DA:8,1
DA:9,1
DA:11,1
DA:21,1
DA:31,1
DA:32,8
DA:35,1
DA:36,9
DA:40,83
DA:41,85
DA:42,86
DA:43,87
DA:44,88
DA:45,93
DA:47,271
DA:48,2
DA:51,48
DA:52,1
DA:55,48
DA:56,5
DA:57,5
DA:58,5
DA:61,48
DA:62,1
DA:67,48
DA:68,48
DA:69,48
DA:70,48
DA:71,48
DA:72,48
DA:74,48
DA:75,48
DA:78,1
DA:79,48
DA:80,47
DA:83,1
DA:84,2
DA:87,1
DA:88,47
DA:89,2
DA:90,2
DA:91,45
DA:92,1
DA:93,1
DA:97,1
DA:98,51
DA:99,1
DA:100,1
DA:103,51
DA:104,1
DA:107,50
DA:109,50
DA:110,50
DA:112,50
DA:116,1
DA:119,2
DA:129,1
DA:130,47
DA:133,1
DA:134,45
DA:136,1
LF:67
LH:67
BRDA:40,0,0,35
BRDA:40,0,1,13
BRDA:41,1,0,37
BRDA:41,1,1,11
BRDA:42,2,0,38
BRDA:42,2,1,10
BRDA:43,3,0,39
BRDA:43,3,1,9
BRDA:44,4,0,40
BRDA:44,4,1,8
BRDA:45,5,0,45
BRDA:45,5,1,3
BRDA:47,6,0,2
BRDA:47,6,1,46
BRDA:47,7,0,48
BRDA:47,7,1,48
BRDA:47,7,2,47
BRDA:51,8,0,1
BRDA:51,8,1,47
BRDA:55,9,0,5
BRDA:55,9,1,43
BRDA:55,10,0,48
BRDA:55,10,1,47
BRDA:55,10,2,46
BRDA:61,11,0,1
BRDA:61,11,1,47
BRDA:88,12,0,2
BRDA:88,12,1,45
BRDA:91,13,0,1
BRDA:91,13,1,44
BRDA:98,14,0,1
BRDA:98,14,1,50
BRDA:103,15,0,1
BRDA:103,15,1,50
BRDA:110,16,0,45
BRDA:110,16,1,5
BRDA:112,17,0,2
BRDA:112,17,1,48
BRDA:130,18,0,47
BRDA:130,18,1,2
BRDA:134,19,0,45
BRDA:134,19,1,43
BRF:42
BRH:42
end_of_record
TN:
SF:C:/Users/berge/log2990/client/src/app/race/car/wheel.ts
FN:5,(anonymous_0)
FN:11,Wheel
FN:36,(anonymous_2)
FN:40,(anonymous_3)
FN:44,(anonymous_4)
FN:49,(anonymous_5)
FN:53,(anonymous_6)
FN:57,(anonymous_7)
FN:61,(anonymous_8)
FNF:9
FNH:9
FNDA:1,(anonymous_0)
FNDA:39,Wheel
FNDA:44,(anonymous_2)
FNDA:42,(anonymous_3)
FNDA:42,(anonymous_4)
FNDA:269,(anonymous_5)
FNDA:148,(anonymous_6)
FNDA:2,(anonymous_7)
FNDA:41,(anonymous_8)
DA:1,1
DA:2,1
DA:3,1
DA:5,1
DA:12,73
DA:13,74
DA:14,76
DA:15,39
DA:16,1
DA:17,1
DA:20,39
DA:21,1
DA:22,1
DA:25,39
DA:26,1
DA:27,1
DA:30,39
DA:31,39
DA:32,39
DA:33,39
DA:36,1
DA:37,44
DA:41,42
DA:44,1
DA:46,42
DA:49,1
DA:50,269
DA:53,1
DA:54,148
DA:57,1
DA:58,2
DA:61,1
DA:62,41
DA:64,1
LF:34
LH:34
BRDA:12,0,0,34
BRDA:12,0,1,5
BRDA:13,1,0,35
BRDA:13,1,1,4
BRDA:14,2,0,37
BRDA:14,2,1,2
BRDA:15,3,0,1
BRDA:15,3,1,38
BRDA:20,4,0,1
BRDA:20,4,1,38
BRDA:25,5,0,1
BRDA:25,5,1,38
BRF:12
BRH:12
end_of_record
TN:
SF:C:/Users/berge/log2990/client/src/app/race/constraint.service/constraint.service.ts
FN:12,(anonymous_1)
FN:14,(anonymous_3)
FN:20,(anonymous_4)
FN:26,(anonymous_5)
FN:32,(anonymous_6)
FN:36,(anonymous_7)
FN:49,(anonymous_8)
FN:56,(anonymous_9)
FN:60,(anonymous_10)
FN:63,(anonymous_11)
FN:82,(anonymous_12)
FNF:11
FNH:6
FNDA:16,(anonymous_1)
FNDA:9,(anonymous_3)
FNDA:8,(anonymous_4)
FNDA:3,(anonymous_5)
FNDA:4,(anonymous_6)
FNDA:2,(anonymous_7)
FNDA:0,(anonymous_8)
FNDA:0,(anonymous_9)
FNDA:0,(anonymous_10)
FNDA:0,(anonymous_11)
FNDA:0,(anonymous_12)
DA:1,1
DA:2,1
DA:6,1
DA:7,1
DA:9,1
DA:12,1
DA:14,1
DA:15,9
DA:17,9
DA:20,1
DA:21,8
DA:23,8
DA:26,1
DA:27,3
DA:29,3
DA:32,1
DA:33,4
DA:36,2
DA:39,2
DA:40,2
DA:41,1
DA:43,1
DA:44,1
DA:46,1
DA:49,1
DA:50,0
DA:51,0
DA:53,0
DA:56,1
DA:57,0
DA:60,1
DA:61,0
DA:63,0
DA:64,0
DA:65,0
DA:72,0
DA:73,0
DA:74,0
DA:79,0
DA:82,1
DA:84,0
DA:86,0
DA:87,0
DA:88,0
DA:89,0
DA:90,0
DA:92,0
DA:93,0
DA:94,0
DA:97,0
DA:98,0
DA:101,0
DA:102,0
DA:105,0
DA:110,0
DA:113,1
LF:56
LH:29
BRDA:15,0,0,1
BRDA:15,0,1,8
BRDA:29,1,0,3
BRDA:29,1,1,1
BRDA:40,2,0,1
BRDA:40,2,1,1
BRDA:46,3,0,1
BRDA:46,3,1,1
BRDA:46,3,2,1
BRDA:46,3,3,1
BRDA:50,4,0,0
BRDA:50,4,1,0
BRDA:50,5,0,0
BRDA:50,5,1,0
BRDA:51,6,0,0
BRDA:51,6,1,0
BRDA:51,7,0,0
BRDA:51,7,1,0
BRDA:72,8,0,0
BRDA:72,8,1,0
BRDA:86,9,0,0
BRDA:86,9,1,0
BRDA:92,10,0,0
BRDA:92,10,1,0
BRDA:97,11,0,0
BRDA:97,11,1,0
BRDA:101,12,0,0
BRDA:101,12,1,0
BRF:28
BRH:10
end_of_record
TN:
SF:C:/Users/berge/log2990/client/src/app/race/game-component/game.component.ts
FN:24,(anonymous_14)
FN:33,GameComponent
FN:41,(anonymous_16)
FN:46,(anonymous_17)
FN:51,(anonymous_18)
FN:55,(anonymous_19)
FN:61,(anonymous_22)
FN:76,(anonymous_23)
FN:84,(anonymous_24)
FN:99,(anonymous_25)
FN:107,(anonymous_26)
FN:122,(anonymous_27)
FNF:12
FNH:1
FNDA:1,(anonymous_14)
FNDA:0,GameComponent
FNDA:0,(anonymous_16)
FNDA:0,(anonymous_17)
FNDA:0,(anonymous_18)
FNDA:0,(anonymous_19)
FNDA:0,(anonymous_22)
FNDA:0,(anonymous_23)
FNDA:0,(anonymous_24)
FNDA:0,(anonymous_25)
FNDA:0,(anonymous_26)
FNDA:0,(anonymous_27)
DA:1,1
DA:2,1
DA:3,1
DA:4,1
DA:5,1
DA:6,1
DA:7,1
DA:8,1
DA:10,1
DA:24,1
DA:27,1
DA:33,0
DA:34,0
DA:35,0
DA:36,0
DA:37,0
DA:41,1
DA:42,0
DA:46,1
DA:47,0
DA:51,1
DA:52,0
DA:55,1
DA:56,0
DA:61,1
DA:62,0
DA:63,0
DA:64,0
DA:65,0
DA:67,0
DA:70,0
DA:72,0
DA:76,1
DA:77,0
DA:78,0
DA:79,0
DA:84,1
DA:85,0
DA:87,0
DA:89,0
DA:90,0
DA:91,0
DA:92,0
DA:95,0
DA:99,1
DA:100,0
DA:102,0
DA:103,0
DA:104,0
DA:107,1
DA:108,0
DA:110,0
DA:114,0
DA:115,0
DA:117,0
DA:118,0
DA:119,0
DA:122,1
DA:123,0
DA:124,0
DA:127,1
LF:61
LH:22
BRDA:62,0,0,0
BRDA:62,0,1,0
BRDA:77,1,0,0
BRDA:77,1,1,0
BRF:4
BRH:0
end_of_record
TN:
SF:C:/Users/berge/log2990/client/src/app/race/input-manager/AbsCommand.ts
FN:1,(anonymous_0)
FNF:1
FNH:1
FNDA:1,(anonymous_0)
DA:1,1
DA:3,1
LF:2
LH:2
BRF:0
BRH:0
end_of_record
TN:
SF:C:/Users/berge/log2990/client/src/app/race/input-manager/input-manager.service.ts
FN:27,(anonymous_1)
FN:33,(anonymous_2)
FN:38,(anonymous_4)
FN:57,(anonymous_5)
FN:58,(anonymous_6)
FN:66,(anonymous_7)
FNF:6
FNH:2
FNDA:1,(anonymous_1)
FNDA:2,(anonymous_2)
FNDA:0,(anonymous_4)
FNDA:0,(anonymous_5)
FNDA:0,(anonymous_6)
FNDA:0,(anonymous_7)
DA:1,1
DA:3,1
DA:4,1
DA:5,1
DA:6,1
DA:7,1
DA:8,1
DA:9,1
DA:10,1
DA:12,1
DA:14,1
DA:15,1
DA:16,1
DA:17,1
DA:18,1
DA:19,1
DA:20,1
DA:27,1
DA:28,1
DA:29,1
DA:33,1
DA:38,1
DA:39,0
DA:49,0
DA:57,1
DA:58,0
DA:59,0
DA:61,0
DA:62,0
DA:66,1
DA:67,0
DA:69,1
LF:32
LH:25
BRDA:27,0,0,1
BRDA:27,0,1,1
BRDA:61,1,0,0
BRDA:61,1,1,0
BRDA:67,2,0,0
BRDA:67,2,1,0
BRF:6
BRH:2
end_of_record
TN:
SF:C:/Users/berge/log2990/client/src/app/race/input-manager/CameraCommands/AbsCameraCommand.ts
FN:4,(anonymous_5)
FN:5,AbsCameraCommand
FNF:2
FNH:1
FNDA:1,(anonymous_5)
FNDA:0,AbsCameraCommand
DA:1,1
DA:4,1
DA:5,0
DA:6,0
DA:8,1
LF:5
LH:3
BRDA:6,0,0,0
BRDA:6,0,1,0
BRF:2
BRH:0
end_of_record
TN:
SF:C:/Users/berge/log2990/client/src/app/race/input-manager/CameraCommands/ChangeCameraViewCommand.ts
FN:3,(anonymous_5)
FN:5,(anonymous_7)
FNF:2
FNH:1
FNDA:1,(anonymous_5)
FNDA:0,(anonymous_7)
DA:1,1
DA:3,1
DA:5,1
DA:6,0
DA:8,1
LF:5
LH:4
BRF:0
BRH:0
end_of_record
TN:
SF:C:/Users/berge/log2990/client/src/app/race/input-manager/CameraCommands/ZoomCameraCommand.ts
FN:4,(anonymous_5)
FN:5,ZoomCameraCommand
FN:8,(anonymous_7)
FNF:3
FNH:1
FNDA:1,(anonymous_5)
FNDA:0,ZoomCameraCommand
FNDA:0,(anonymous_7)
DA:1,1
DA:4,1
DA:5,0
DA:6,0
DA:8,1
DA:9,0
DA:11,1
LF:7
LH:4
BRDA:6,0,0,0
BRDA:6,0,1,0
BRF:2
BRH:0
end_of_record
TN:
SF:C:/Users/berge/log2990/client/src/app/race/input-manager/CarCommands/AbsCarCommand.ts
FN:4,(anonymous_5)
FN:5,AbsCarCommand
FNF:2
FNH:1
FNDA:1,(anonymous_5)
FNDA:0,AbsCarCommand
DA:2,1
DA:4,1
DA:5,0
DA:6,0
DA:8,1
LF:5
LH:3
BRDA:6,0,0,0
BRDA:6,0,1,0
BRF:2
BRH:0
end_of_record
TN:
SF:C:/Users/berge/log2990/client/src/app/race/input-manager/CarCommands/AccelerateDownCarCommand.ts
FN:3,(anonymous_5)
FN:4,(anonymous_7)
FNF:2
FNH:1
FNDA:1,(anonymous_5)
FNDA:0,(anonymous_7)
DA:1,1
DA:3,1
DA:4,1
DA:5,0
DA:7,1
LF:5
LH:4
BRF:0
BRH:0
end_of_record
TN:
SF:C:/Users/berge/log2990/client/src/app/race/input-manager/CarCommands/AccelerateUpCarCommand.ts
FN:3,(anonymous_5)
FN:4,(anonymous_7)
FNF:2
FNH:1
FNDA:1,(anonymous_5)
FNDA:0,(anonymous_7)
DA:1,1
DA:3,1
DA:4,1
DA:5,0
DA:7,1
LF:5
LH:4
BRF:0
BRH:0
end_of_record
TN:
SF:C:/Users/berge/log2990/client/src/app/race/input-manager/CarCommands/BrakeDownCarCommand.ts
FN:3,(anonymous_5)
FN:4,(anonymous_7)
FNF:2
FNH:1
FNDA:1,(anonymous_5)
FNDA:0,(anonymous_7)
DA:1,1
DA:3,1
DA:4,1
DA:5,0
DA:7,1
LF:5
LH:4
BRF:0
BRH:0
end_of_record
TN:
SF:C:/Users/berge/log2990/client/src/app/race/input-manager/CarCommands/BrakeUpCarCommand.ts
FN:3,(anonymous_5)
FN:4,(anonymous_7)
FNF:2
FNH:1
FNDA:1,(anonymous_5)
FNDA:0,(anonymous_7)
DA:1,1
DA:3,1
DA:4,1
DA:5,0
DA:7,1
LF:5
LH:4
BRF:0
BRH:0
end_of_record
TN:
SF:C:/Users/berge/log2990/client/src/app/race/input-manager/CarCommands/LeftDownCarCommand.ts
FN:3,(anonymous_5)
FN:4,(anonymous_7)
FNF:2
FNH:1
FNDA:1,(anonymous_5)
FNDA:0,(anonymous_7)
DA:1,1
DA:3,1
DA:4,1
DA:5,0
DA:7,1
LF:5
LH:4
BRF:0
BRH:0
end_of_record
TN:
SF:C:/Users/berge/log2990/client/src/app/race/input-manager/CarCommands/ReleaseUpCarCommand.ts
FN:3,(anonymous_5)
FN:4,(anonymous_7)
FNF:2
FNH:1
FNDA:1,(anonymous_5)
FNDA:0,(anonymous_7)
DA:1,1
DA:3,1
DA:4,1
DA:5,0
DA:7,1
LF:5
LH:4
BRF:0
BRH:0
end_of_record
TN:
SF:C:/Users/berge/log2990/client/src/app/race/input-manager/CarCommands/RightDownCarCommand.ts
FN:3,(anonymous_5)
FN:4,(anonymous_7)
FNF:2
FNH:1
FNDA:1,(anonymous_5)
FNDA:0,(anonymous_7)
DA:1,1
DA:3,1
DA:4,1
DA:5,0
DA:7,1
LF:5
LH:4
BRF:0
BRH:0
end_of_record
TN:
SF:C:/Users/berge/log2990/client/src/app/race/render-service/render.service.ts
FN:14,(anonymous_14)
FN:23,RenderService
FN:27,(anonymous_16)
FN:37,(anonymous_19)
FN:43,(anonymous_20)
FN:50,(anonymous_21)
FN:61,(anonymous_24)
FN:66,(anonymous_25)
FN:70,(anonymous_26)
FN:80,(anonymous_27)
FN:81,(anonymous_28)
FN:87,(anonymous_29)
FN:92,(anonymous_30)
FN:112,(anonymous_31)
FN:116,(anonymous_32)
FN:120,(anonymous_33)
FN:124,(anonymous_34)
FN:128,(anonymous_35)
FNF:18
FNH:2
FNDA:1,(anonymous_14)
FNDA:1,RenderService
FNDA:0,(anonymous_16)
FNDA:0,(anonymous_19)
FNDA:0,(anonymous_20)
FNDA:0,(anonymous_21)
FNDA:0,(anonymous_24)
FNDA:0,(anonymous_25)
FNDA:0,(anonymous_26)
FNDA:0,(anonymous_27)
FNDA:0,(anonymous_28)
FNDA:0,(anonymous_29)
FNDA:0,(anonymous_30)
FNDA:0,(anonymous_31)
FNDA:0,(anonymous_32)
FNDA:0,(anonymous_33)
FNDA:0,(anonymous_34)
FNDA:0,(anonymous_35)
DA:1,1
DA:2,1
DA:3,1
DA:5,1
DA:6,1
DA:8,1
DA:9,1
DA:11,1
DA:14,1
DA:23,1
DA:24,1
DA:27,1
DA:28,0
DA:29,0
DA:32,0
DA:33,0
DA:34,0
DA:37,1
DA:38,0
DA:39,0
DA:40,0
DA:43,1
DA:44,0
DA:45,0
DA:46,0
DA:47,0
DA:50,1
DA:51,0
DA:53,0
DA:54,0
DA:55,0
DA:57,0
DA:58,0
DA:61,1
DA:62,0
DA:63,0
DA:66,1
DA:67,0
DA:70,1
DA:71,0
DA:72,0
DA:73,0
DA:75,0
DA:76,0
DA:77,0
DA:80,1
DA:81,0
DA:82,0
DA:83,0
DA:84,0
DA:87,1
DA:88,0
DA:89,0
DA:92,1
DA:93,0
DA:94,0
DA:95,0
DA:96,0
DA:97,0
DA:98,0
DA:100,0
DA:101,0
DA:102,0
DA:105,0
DA:106,0
DA:107,0
DA:109,0
DA:112,1
DA:113,0
DA:116,1
DA:117,0
DA:120,1
DA:121,0
DA:124,1
DA:125,0
DA:128,1
DA:129,0
DA:131,1
LF:78
LH:27
BRDA:28,0,0,0
BRDA:28,0,1,0
BRF:2
BRH:0
end_of_record
TN:
SF:C:/Users/berge/log2990/client/src/app/race/track-creation/track-creation.component.ts
FN:21,(anonymous_14)
FN:33,TrackCreationComponent
FN:42,(anonymous_16)
FN:50,(anonymous_17)
FN:55,(anonymous_20)
FN:63,(anonymous_21)
FN:71,(anonymous_22)
FN:77,(anonymous_25)
FN:88,(anonymous_26)
FN:90,(anonymous_27)
FN:94,(anonymous_28)
FN:113,(anonymous_29)
FN:122,(anonymous_30)
FN:132,(anonymous_31)
FN:139,(anonymous_32)
FN:143,(anonymous_33)
FN:148,(anonymous_34)
FN:153,(anonymous_35)
FN:158,(anonymous_36)
FN:162,(anonymous_37)
FN:180,(anonymous_38)
FN:187,(anonymous_39)
FN:191,(anonymous_40)
FN:195,(anonymous_41)
FN:199,(anonymous_42)
FNF:25
FNH:1
FNDA:1,(anonymous_14)
FNDA:0,TrackCreationComponent
FNDA:0,(anonymous_16)
FNDA:0,(anonymous_17)
FNDA:0,(anonymous_20)
FNDA:0,(anonymous_21)
FNDA:0,(anonymous_22)
FNDA:0,(anonymous_25)
FNDA:0,(anonymous_26)
FNDA:0,(anonymous_27)
FNDA:0,(anonymous_28)
FNDA:0,(anonymous_29)
FNDA:0,(anonymous_30)
FNDA:0,(anonymous_31)
FNDA:0,(anonymous_32)
FNDA:0,(anonymous_33)
FNDA:0,(anonymous_34)
FNDA:0,(anonymous_35)
FNDA:0,(anonymous_36)
FNDA:0,(anonymous_37)
FNDA:0,(anonymous_38)
FNDA:0,(anonymous_39)
FNDA:0,(anonymous_40)
FNDA:0,(anonymous_41)
FNDA:0,(anonymous_42)
DA:1,1
DA:2,1
DA:3,1
DA:4,1
DA:6,1
DA:7,1
DA:8,1
DA:9,1
DA:10,1
DA:11,1
DA:13,1
DA:14,1
DA:21,1
DA:31,1
DA:34,0
DA:35,0
DA:36,0
DA:37,0
DA:38,0
DA:39,0
DA:42,1
DA:43,0
DA:44,0
DA:46,0
DA:47,0
DA:50,1
DA:51,0
DA:52,0
DA:55,1
DA:56,0
DA:57,0
DA:58,0
DA:60,0
DA:63,1
DA:64,0
DA:65,0
DA:67,0
DA:68,0
DA:71,1
DA:72,0
DA:73,0
DA:74,0
DA:77,1
DA:78,0
DA:80,0
DA:81,0
DA:82,0
DA:83,0
DA:87,0
DA:88,0
DA:90,0
DA:94,1
DA:95,0
DA:96,0
DA:98,0
DA:99,0
DA:100,0
DA:104,0
DA:106,0
DA:107,0
DA:108,0
DA:113,1
DA:114,0
DA:115,0
DA:116,0
DA:117,0
DA:118,0
DA:119,0
DA:122,1
DA:123,0
DA:124,0
DA:125,0
DA:126,0
DA:127,0
DA:132,1
DA:133,0
DA:134,0
DA:139,1
DA:140,0
DA:143,1
DA:144,0
DA:145,0
DA:148,1
DA:149,0
DA:150,0
DA:153,1
DA:154,0
DA:155,0
DA:158,1
DA:159,0
DA:162,1
DA:164,0
DA:166,0
DA:167,0
DA:169,0
DA:171,0
DA:173,0
DA:175,0
DA:176,0
DA:180,1
DA:181,0
DA:182,0
DA:184,0
DA:187,1
DA:188,0
DA:191,1
DA:192,0
DA:195,1
DA:196,0
DA:199,1
DA:200,0
DA:203,1
LF:112
LH:36
BRDA:81,0,0,0
BRDA:81,0,1,0
BRDA:87,1,0,0
BRDA:87,1,1,0
BRDA:99,2,0,0
BRDA:99,2,1,0
BRDA:104,3,0,0
BRDA:104,3,1,0
BRDA:104,3,2,0
BRDA:106,4,0,0
BRDA:106,4,1,0
BRDA:123,5,0,0
BRDA:123,5,1,0
BRDA:124,6,0,0
BRDA:124,6,1,0
BRDA:126,7,0,0
BRDA:126,7,1,0
BRDA:133,8,0,0
BRDA:133,8,1,0
BRF:19
BRH:0
end_of_record
TN:
SF:C:/Users/berge/log2990/client/src/app/socket.service/socket.service.ts
FN:11,(anonymous_2)
FN:59,SocketService
FN:63,(anonymous_4)
FN:87,(anonymous_5)
FN:91,(anonymous_6)
FN:94,(anonymous_7)
FN:98,(anonymous_8)
FN:102,(anonymous_9)
FN:106,(anonymous_10)
FN:110,(anonymous_11)
FN:114,(anonymous_12)
FN:118,(anonymous_13)
FN:123,(anonymous_14)
FN:128,(anonymous_15)
FN:137,(anonymous_16)
FN:141,(anonymous_17)
FN:145,(anonymous_18)
FN:149,(anonymous_19)
FN:153,(anonymous_20)
FN:156,(anonymous_21)
FN:160,(anonymous_22)
FN:164,(anonymous_23)
FN:168,(anonymous_24)
FN:172,(anonymous_25)
FN:176,(anonymous_26)
FN:180,(anonymous_27)
FN:184,(anonymous_28)
FN:188,(anonymous_29)
FN:192,(anonymous_30)
FN:196,(anonymous_31)
FN:199,(anonymous_32)
FN:203,(anonymous_33)
FN:207,(anonymous_34)
FN:211,(anonymous_35)
FN:215,(anonymous_36)
FN:219,(anonymous_37)
FN:223,(anonymous_38)
FN:232,(anonymous_39)
FN:236,(anonymous_40)
FN:239,(anonymous_41)
FN:243,(anonymous_42)
FN:247,(anonymous_43)
FN:252,(anonymous_44)
FN:259,(anonymous_45)
FN:263,(anonymous_46)
FN:268,(anonymous_47)
FN:274,(anonymous_48)
FNF:47
FNH:32
FNDA:1,(anonymous_2)
FNDA:74,SocketService
FNDA:1,(anonymous_4)
FNDA:4,(anonymous_5)
FNDA:74,(anonymous_6)
FNDA:0,(anonymous_7)
FNDA:0,(anonymous_8)
FNDA:0,(anonymous_9)
FNDA:0,(anonymous_10)
FNDA:0,(anonymous_11)
FNDA:0,(anonymous_12)
FNDA:0,(anonymous_13)
FNDA:0,(anonymous_14)
FNDA:0,(anonymous_15)
FNDA:11,(anonymous_16)
FNDA:17,(anonymous_17)
FNDA:11,(anonymous_18)
FNDA:2,(anonymous_19)
FNDA:2,(anonymous_20)
FNDA:10,(anonymous_21)
FNDA:1,(anonymous_22)
FNDA:1,(anonymous_23)
FNDA:0,(anonymous_24)
FNDA:1,(anonymous_25)
FNDA:10,(anonymous_26)
FNDA:34,(anonymous_27)
FNDA:24,(anonymous_28)
FNDA:24,(anonymous_29)
FNDA:0,(anonymous_30)
FNDA:327,(anonymous_31)
FNDA:984,(anonymous_32)
FNDA:2,(anonymous_33)
FNDA:326,(anonymous_34)
FNDA:0,(anonymous_35)
FNDA:1,(anonymous_36)
FNDA:2,(anonymous_37)
FNDA:5,(anonymous_38)
FNDA:4,(anonymous_39)
FNDA:661,(anonymous_40)
FNDA:3,(anonymous_41)
FNDA:0,(anonymous_42)
FNDA:3,(anonymous_43)
FNDA:9,(anonymous_44)
FNDA:4,(anonymous_45)
FNDA:2,(anonymous_46)
FNDA:0,(anonymous_47)
FNDA:0,(anonymous_48)
DA:1,1
DA:2,1
DA:4,1
DA:6,1
DA:8,1
DA:11,1
DA:13,74
DA:22,74
DA:25,74
DA:28,74
DA:31,74
DA:34,74
DA:37,74
DA:41,74
DA:45,74
DA:48,74
DA:51,74
DA:54,74
DA:57,74
DA:59,74
DA:60,74
DA:61,74
DA:63,74
DA:64,1
DA:66,74
DA:67,74
DA:68,74
DA:69,74
DA:70,74
DA:71,74
DA:72,74
DA:73,74
DA:74,74
DA:75,74
DA:76,74
DA:77,74
DA:78,74
DA:79,74
DA:80,74
DA:81,74
DA:82,74
DA:83,74
DA:84,74
DA:87,1
DA:88,4
DA:91,74
DA:92,74
DA:94,74
DA:95,0
DA:98,74
DA:99,0
DA:102,74
DA:103,0
DA:106,74
DA:107,0
DA:110,74
DA:111,0
DA:114,74
DA:115,0
DA:118,74
DA:119,0
DA:123,1
DA:124,0
DA:125,0
DA:128,1
DA:129,0
DA:130,0
DA:131,0
DA:133,0
DA:137,1
DA:138,11
DA:141,1
DA:142,17
DA:145,1
DA:146,11
DA:149,1
DA:150,2
DA:153,1
DA:154,2
DA:156,1
DA:157,10
DA:160,1
DA:161,1
DA:164,1
DA:165,1
DA:168,1
DA:169,0
DA:172,1
DA:173,1
DA:176,1
DA:177,10
DA:180,1
DA:181,34
DA:184,1
DA:185,24
DA:188,1
DA:189,24
DA:192,1
DA:193,0
DA:196,1
DA:197,327
DA:199,1
DA:200,984
DA:203,1
DA:204,2
DA:207,1
DA:208,326
DA:211,1
DA:212,0
DA:215,1
DA:216,1
DA:219,1
DA:220,2
DA:223,1
DA:224,5
DA:225,3
DA:226,3
DA:227,3
DA:228,3
DA:232,1
DA:233,4
DA:236,1
DA:237,661
DA:239,1
DA:240,3
DA:243,1
DA:244,0
DA:247,1
DA:248,3
DA:249,3
DA:252,1
DA:253,9
DA:254,9
DA:255,0
DA:259,1
DA:260,4
DA:263,1
DA:264,2
DA:265,2
DA:268,1
DA:269,0
DA:270,0
DA:271,0
DA:274,1
DA:275,0
DA:278,1
LF:146
LH:124
BRDA:130,0,0,0
BRDA:130,0,1,0
BRDA:224,1,0,3
BRDA:224,1,1,2
BRDA:254,2,0,0
BRDA:254,2,1,9
BRF:6
BRH:3
end_of_record
TN:
SF:C:/Users/berge/log2990/client/src/app/word.service/word.service.ts
FN:7,(anonymous_2)
FN:14,WordService
FN:19,(anonymous_4)
FN:23,(anonymous_5)
FN:27,(anonymous_6)
FN:31,(anonymous_7)
FNF:6
FNH:5
FNDA:1,(anonymous_2)
FNDA:29,WordService
FNDA:24,(anonymous_4)
FNDA:3,(anonymous_5)
FNDA:5,(anonymous_6)
FNDA:0,(anonymous_7)
DA:1,1
DA:3,1
DA:7,1
DA:9,29
DA:12,29
DA:15,29
DA:16,29
DA:19,1
DA:20,24
DA:23,1
DA:24,3
DA:27,1
DA:28,5
DA:31,1
DA:32,0
DA:35,1
LF:16
LH:15
BRF:0
BRH:0
end_of_record
TN:
SF:C:/Users/berge/log2990/common/grid/cell.ts
FN:1,(anonymous_0)
FN:8,Cell
FN:22,(anonymous_2)
FN:26,(anonymous_3)
FN:29,(anonymous_4)
FN:33,(anonymous_5)
FN:42,(anonymous_6)
FN:38,(anonymous_7)
FN:46,(anonymous_8)
FN:50,(anonymous_9)
FN:54,(anonymous_10)
FN:58,(anonymous_11)
FN:62,(anonymous_12)
FN:66,(anonymous_13)
FN:70,(anonymous_14)
FN:74,(anonymous_15)
FN:78,(anonymous_16)
FN:82,(anonymous_17)
FN:86,(anonymous_18)
FN:90,(anonymous_19)
FN:94,(anonymous_20)
FN:98,(anonymous_21)
FN:102,(anonymous_22)
FN:106,(anonymous_23)
FN:110,(anonymous_24)
FN:114,(anonymous_25)
FN:118,(anonymous_26)
FNF:27
FNH:19
FNDA:1,(anonymous_0)
FNDA:2400,Cell
FNDA:0,(anonymous_2)
FNDA:1400,(anonymous_3)
FNDA:2804,(anonymous_4)
FNDA:4,(anonymous_5)
FNDA:5200,(anonymous_6)
FNDA:1204,(anonymous_7)
FNDA:0,(anonymous_8)
FNDA:0,(anonymous_9)
FNDA:0,(anonymous_10)
FNDA:3,(anonymous_11)
FNDA:16,(anonymous_12)
FNDA:1400,(anonymous_13)
FNDA:0,(anonymous_14)
FNDA:16,(anonymous_15)
FNDA:1400,(anonymous_16)
FNDA:1413,(anonymous_17)
FNDA:2400,(anonymous_18)
FNDA:1413,(anonymous_19)
FNDA:2400,(anonymous_20)
FNDA:1400,(anonymous_21)
FNDA:2810,(anonymous_22)
FNDA:12,(anonymous_23)
FNDA:0,(anonymous_24)
FNDA:0,(anonymous_25)
FNDA:0,(anonymous_26)
DA:1,1
DA:9,4800
DA:10,7200
DA:11,7200
DA:12,7200
DA:13,7200
DA:14,7200
DA:15,7200
DA:16,7200
DA:18,2400
DA:19,2400
DA:20,2400
DA:22,1
DA:23,0
DA:26,1
DA:27,1400
DA:29,1
DA:30,2804
DA:33,1
DA:34,4
DA:38,1
DA:39,1204
DA:43,5200
DA:46,1
DA:47,0
DA:50,1
DA:51,0
DA:54,1
DA:55,0
DA:58,1
DA:59,3
DA:62,1
DA:63,16
DA:66,1
DA:67,1400
DA:70,1
DA:71,0
DA:74,1
DA:75,16
DA:78,1
DA:79,1400
DA:82,1
DA:83,1413
DA:87,2400
DA:90,1
DA:91,1413
DA:95,2400
DA:98,1
DA:99,1400
DA:102,1
DA:103,2810
DA:106,1
DA:107,12
DA:110,1
DA:111,0
DA:114,1
DA:115,0
DA:118,1
DA:119,0
DA:122,1
LF:60
LH:52
BRDA:9,0,0,0
BRDA:9,0,1,2400
BRDA:10,1,0,2400
BRDA:10,1,1,0
BRDA:11,2,0,2400
BRDA:11,2,1,0
BRDA:12,3,0,2400
BRDA:12,3,1,0
BRDA:13,4,0,2400
BRDA:13,4,1,0
BRDA:14,5,0,2400
BRDA:14,5,1,0
BRDA:15,6,0,2400
BRDA:15,6,1,0
BRDA:16,7,0,2400
BRDA:16,7,1,0
BRF:16
BRH:8
end_of_record
TN:
SF:C:/Users/berge/log2990/common/grid/difficulties.ts
FN:1,(anonymous_0)
FN:7,(anonymous_1)
FNF:2
FNH:2
FNDA:1,(anonymous_0)
FNDA:1003,(anonymous_1)
DA:1,1
DA:2,1
DA:3,1
DA:4,1
DA:7,1
DA:8,1003
DA:10,335
DA:12,334
DA:14,334
DA:16,0
LF:10
LH:9
BRDA:1,0,0,1
BRDA:1,0,1,1
BRDA:9,1,0,335
BRDA:9,1,1,334
BRDA:9,1,2,334
BRDA:9,1,3,0
BRF:6
BRH:5
end_of_record
TN:
SF:C:/Users/berge/log2990/common/lexical/word.ts
FN:1,(anonymous_0)
FN:15,(anonymous_1)
FN:17,Word
FN:26,(anonymous_3)
FN:30,(anonymous_4)
FN:34,(anonymous_5)
FNF:6
FNH:6
FNDA:1,(anonymous_0)
FNDA:1,(anonymous_1)
FNDA:22,Word
FNDA:14,(anonymous_3)
FNDA:13,(anonymous_4)
FNDA:42,(anonymous_5)
DA:1,1
DA:2,1
DA:3,1
DA:15,1
DA:18,22
DA:19,22
DA:20,22
DA:21,22
DA:22,22
DA:23,66
DA:26,1
DA:27,14
DA:30,1
DA:31,13
DA:34,1
DA:35,42
DA:37,1
LF:17
LH:17
BRDA:1,0,0,1
BRDA:1,0,1,1
BRDA:23,1,0,22
BRDA:23,1,1,0
BRF:4
BRH:3
end_of_record
TN:
SF:C:/Users/berge/log2990/server/app/services/trackInformation/trackInformationService.ts
FN:6,(anonymous_12)
FN:8,(anonymous_14)
FN:19,(anonymous_17)
FN:28,(anonymous_20)
FN:37,(anonymous_23)
FNF:5
FNH:1
FNDA:1,(anonymous_12)
FNDA:0,(anonymous_14)
FNDA:0,(anonymous_17)
FNDA:0,(anonymous_20)
FNDA:0,(anonymous_23)
DA:3,1
DA:6,1
DA:8,1
DA:10,0
DA:12,0
DA:14,0
DA:19,1
DA:21,0
DA:23,0
DA:28,1
DA:30,0
DA:32,0
DA:37,1
DA:39,0
DA:41,0
DA:46,1
LF:16
LH:7
BRF:0
BRH:0
end_of_record
